<?xml version="1.0" encoding="UTF-8"?>
<!-- Generated by org.testng.reporters.JUnitReportReporter -->
<testsuite hostname="DESKTOP-DHIVO5E" failures="0" tests="4" name="tests.NegativeApiTests" time="4.512" errors="0" timestamp="2026-08-12T01:38:18 EEST" skipped="0">
  <testcase classname="tests.NegativeApiTests" name="loginWithMissingPassword" time="0.929"/>
  <testcase classname="tests.NegativeApiTests" name="loginWithMissingEmail" time="0.487"/>
  <testcase classname="tests.NegativeApiTests" name="searchProductWithEmptySearchTerm" time="0.622"/>
  <testcase classname="tests.NegativeApiTests" name="loginWithInvalidCredentials" time="2.474"/>
</testsuite> <!-- tests.NegativeApiTests -->
