<?xml version="1.0" encoding="UTF-8"?>
<!-- Generated by org.testng.reporters.JUnitReportReporter -->
<testsuite hostname="DESKTOP-DHIVO5E" failures="0" tests="3" name="tests.ProductsApiTests" time="2.716" errors="0" timestamp="2026-08-12T01:38:18 EEST" skipped="0">
  <testcase classname="tests.ProductsApiTests" name="getBrandsList" time="1.142"/>
  <testcase classname="tests.ProductsApiTests" name="searchProduct" time="0.519"/>
  <testcase classname="tests.ProductsApiTests" name="getProductsList" time="1.055"/>
</testsuite> <!-- tests.ProductsApiTests -->
