<?xml version="1.0" encoding="UTF-8"?>
<!-- Generated by org.testng.reporters.JUnitReportReporter -->
<testsuite hostname="DESKTOP-DHIVO5E" failures="0" tests="3" name="tests.AuthenticationApiTests" time="2.797" errors="0" timestamp="2026-08-12T01:38:18 EEST" skipped="0">
  <testcase classname="tests.AuthenticationApiTests" name="verifyLoginWithMissingPassword" time="0.897"/>
  <testcase classname="tests.AuthenticationApiTests" name="verifyLoginWithInvalidCredentials" time="0.959"/>
  <testcase classname="tests.AuthenticationApiTests" name="verifyLoginWithMissingEmail" time="0.941"/>
</testsuite> <!-- tests.AuthenticationApiTests -->
