<?xml version="1.0" encoding="UTF-8"?>
<!-- Generated by org.testng.reporters.JUnitXMLReporter -->
<testsuite ignored="0" hostname="DESKTOP-DHIVO5E" failures="0" tests="11" name="API Tests" time="19.92" errors="0" timestamp="2026-08-12T01:38:18 EEST">
  <testcase classname="tests.AccountApiTests" name="createAccount" time="8.681"/>
  <testcase classname="tests.AuthenticationApiTests" name="verifyLoginWithInvalidCredentials" time="0.959"/>
  <testcase classname="tests.AuthenticationApiTests" name="verifyLoginWithMissingEmail" time="0.941"/>
  <testcase classname="tests.AuthenticationApiTests" name="verifyLoginWithMissingPassword" time="0.897"/>
  <testcase classname="tests.NegativeApiTests" name="loginWithInvalidCredentials" time="2.474"/>
  <testcase classname="tests.NegativeApiTests" name="loginWithMissingEmail" time="0.487"/>
  <testcase classname="tests.NegativeApiTests" name="loginWithMissingPassword" time="0.929"/>
  <testcase classname="tests.NegativeApiTests" name="searchProductWithEmptySearchTerm" time="0.622"/>
  <testcase classname="tests.ProductsApiTests" name="getBrandsList" time="1.142"/>
  <testcase classname="tests.ProductsApiTests" name="getProductsList" time="1.055"/>
  <testcase classname="tests.ProductsApiTests" name="searchProduct" time="0.519"/>
</testsuite> <!-- API Tests -->
